<?xml version="1.0" encoding="UTF-8"?>
<!-- Generated by org.testng.reporters.JUnitReportReporter -->
<testsuite hostname="DESKTOP-PJ3QETV" name="mapSynqTestFile.Camerars" tests="2" failures="0" timestamp="7 Mar 2020 13:04:13 GMT" time="12.555" errors="0">
  <testcase name="camerars" time="5.961" classname="mapSynqTestFile.Camerars"/>
  <testcase name="loadURL" time="6.594" classname="mapSynqTestFile.Camerars"/>
</testsuite> <!-- mapSynqTestFile.Camerars -->
