<?xml version="1.0" encoding="UTF-8"?>
<!-- Generated by org.testng.reporters.JUnitReportReporter -->
<testsuite hostname="DESKTOP-PJ3QETV" name="mapSynqTestFile.Login" tests="3" failures="0" timestamp="17 Mar 2020 17:00:20 GMT" time="11.136" errors="0">
  <testcase name="loadURL" time="5.703" classname="mapSynqTestFile.Login"/>
  <testcase name="loginCrediential" time="0.105" classname="mapSynqTestFile.Login"/>
  <testcase name="clickSignInLink" time="5.328" classname="mapSynqTestFile.Login"/>
</testsuite> <!-- mapSynqTestFile.Login -->
