<?xml version="1.0" encoding="UTF-8"?>
<!-- Generated by org.testng.reporters.JUnitReportReporter -->
<testsuite hostname="DESKTOP-PJ3QETV" name="mapSynqTestFile.Register" tests="5" failures="0" timestamp="17 Mar 2020 17:00:20 GMT" time="13.530" errors="0">
  <testcase name="getTitle" time="0.024" classname="mapSynqTestFile.Register"/>
  <testcase name="register" time="1.025" classname="mapSynqTestFile.Register"/>
  <testcase name="maximizeWindow" time="0.009" classname="mapSynqTestFile.Register"/>
  <testcase name="loadURL" time="8.430" classname="mapSynqTestFile.Register"/>
  <testcase name="registerLink" time="4.042" classname="mapSynqTestFile.Register"/>
</testsuite> <!-- mapSynqTestFile.Register -->
