<?xml version="1.0" encoding="UTF-8"?>
<!-- Generated by org.testng.reporters.JUnitReportReporter -->
<testsuite hostname="DESKTOP-PJ3QETV" name="mapSynqTestFile.Incidents" tests="3" failures="0" timestamp="17 Mar 2020 17:00:20 GMT" time="13.520" errors="0">
  <testcase name="loadURL" time="8.699" classname="mapSynqTestFile.Incidents"/>
  <testcase name="incedentsSearch" time="2.347" classname="mapSynqTestFile.Incidents"/>
  <testcase name="incidentsList" time="2.474" classname="mapSynqTestFile.Incidents"/>
</testsuite> <!-- mapSynqTestFile.Incidents -->
